0 info it worked if it ends with ok
1 verbose cli [ '/usr/local/bin/node', '/usr/local/bin/npm', 'init' ]
2 info using npm@2.10.1
3 info using node@v0.12.4
4 silly package data undefined
5 info init written successfully
6 verbose stack Error: Invalid version: "1.0.1.1"
6 verbose stack     at Object.module.exports.fixVersionField (/usr/local/lib/node_modules/npm/node_modules/normalize-package-data/lib/fixer.js:185:13)
6 verbose stack     at /usr/local/lib/node_modules/npm/node_modules/normalize-package-data/lib/normalize.js:30:38
6 verbose stack     at Array.forEach (native)
6 verbose stack     at normalize (/usr/local/lib/node_modules/npm/node_modules/normalize-package-data/lib/normalize.js:29:15)
6 verbose stack     at final (/usr/local/lib/node_modules/npm/node_modules/read-package-json/read-json.js:338:5)
6 verbose stack     at then (/usr/local/lib/node_modules/npm/node_modules/read-package-json/read-json.js:113:5)
6 verbose stack     at serverjs_ (/usr/local/lib/node_modules/npm/node_modules/read-package-json/read-json.js:166:29)
6 verbose stack     at /usr/local/lib/node_modules/npm/node_modules/read-package-json/read-json.js:161:5
6 verbose stack     at f (/usr/local/lib/node_modules/npm/node_modules/once/once.js:17:25)
6 verbose stack     at Glob.<anonymous> (/usr/local/lib/node_modules/npm/node_modules/glob/glob.js:132:7)
7 verbose cwd /Users/brijesh/Apps/regex-for-range
8 error Darwin 13.3.0
9 error argv "/usr/local/bin/node" "/usr/local/bin/npm" "init"
10 error node v0.12.4
11 error npm  v2.10.1
12 error Invalid version: "1.0.1.1"
13 error If you need help, you may report this error at:
13 error     <https://github.com/npm/npm/issues>
14 verbose exit [ 1, true ]
